[10-May-2023 15:19:42 UTC] Comparing methods... modena-shipping-itella-terminals with:  modena-shipping-itella-terminals
[10-May-2023 15:19:42 UTC] win, because methods are same named. saned.
[10-May-2023 15:19:42 UTC] getOrderParcelTerminalText called with ID: 216
[10-May-2023 15:19:43 UTC] Comparing methods... modena-shipping-omniva-terminals with:  modena-shipping-itella-terminals
[10-May-2023 15:19:49 UTC] Comparing methods... modena-shipping-itella-terminals with:  modena-shipping-itella-terminals
[10-May-2023 15:19:49 UTC] win, because methods are same named. saned.
[10-May-2023 15:19:49 UTC] getOrderParcelTerminalText called with ID: 216
[10-May-2023 15:19:49 UTC] Comparing methods... modena-shipping-omniva-terminals with:  modena-shipping-itella-terminals
[10-May-2023 15:21:49 UTC] Comparing methods... modena-shipping-itella-terminals with:  modena-shipping-itella-terminals
[10-May-2023 15:21:49 UTC] win, because methods are same named. saned.
[10-May-2023 15:21:49 UTC] getOrderParcelTerminalText called with ID: 216
[10-May-2023 15:21:49 UTC] Comparing methods... modena-shipping-omniva-terminals with:  modena-shipping-itella-terminals
[10-May-2023 15:22:14 UTC] Comparing methods... modena-shipping-itella-terminals with:  modena-shipping-itella-terminals
[10-May-2023 15:22:14 UTC] win, because methods are same named. saned.
[10-May-2023 15:22:14 UTC] getOrderParcelTerminalText called with ID: 216
[10-May-2023 15:22:15 UTC] Comparing methods... modena-shipping-omniva-terminals with:  modena-shipping-itella-terminals
[10-May-2023 15:22:32 UTC] Comparing methods... modena-shipping-itella-terminals with:  modena-shipping-itella-terminals
[10-May-2023 15:22:32 UTC] win, because methods are same named. saned.
[10-May-2023 15:22:32 UTC] getOrderParcelTerminalText called with ID: 216
[10-May-2023 15:22:32 UTC] Comparing methods... modena-shipping-omniva-terminals with:  modena-shipping-itella-terminals
[11-May-2023 08:28:50 UTC] [11-May-2023 08:28:50 UTC] PHP 2: mysqli_real_connect(): (HY000/2002): No such file or directory in /Users/stenuuesoo/Local Sites/jeans-potions/app/public/wp-includes/class-wpdb.php on line 2019
[11-May-2023 08:28:51 UTC] [11-May-2023 08:28:51 UTC] PHP 2: mysqli_real_connect(): (HY000/2002): No such file or directory in /Users/stenuuesoo/Local Sites/jeans-potions/app/public/wp-includes/class-wpdb.php on line 2019
[11-May-2023 08:28:51 UTC] [11-May-2023 08:28:51 UTC] PHP 2: mysqli_real_connect(): (HY000/2002): No such file or directory in /Users/stenuuesoo/Local Sites/jeans-potions/app/public/wp-includes/class-wpdb.php on line 2019
[11-May-2023 08:28:53 UTC] Cron reschedule event error for hook: action_scheduler_run_queue, Error code: could_not_set, Error message: The cron event list could not be saved., Data: {"schedule":"every_minute","args":["WP Cron"],"interval":60}
[11-May-2023 08:28:53 UTC] Cron unschedule event error for hook: woocommerce_cancel_unpaid_orders, Error code: could_not_set, Error message: The cron event list could not be saved., Data: {"schedule":false,"args":[]}
[11-May-2023 08:28:53 UTC] Cron reschedule event error for hook: wp_privacy_delete_old_export_files, Error code: could_not_set, Error message: The cron event list could not be saved., Data: {"schedule":"hourly","args":[],"interval":3600}
